<?xml version="1.0" encoding="UTF-8"?>
<!-- Generated by org.testng.reporters.JUnitReportReporter -->
<testsuite hostname="3I-PC0CF90C" failures="0" tests="1" name="StepDefination.TC01_Register_New_User" time="12.940" errors="0" timestamp="2024-03-09T17:53:54 IST" skipped="0">
  <testcase classname="StepDefination.TC01_Register_New_User" name="Register_New_User" time="12.940"/>
</testsuite> <!-- StepDefination.TC01_Register_New_User -->
