<?xml version="1.0" encoding="UTF-8"?>
<!-- Generated by org.testng.reporters.JUnitReportReporter -->
<testsuite hostname="3I-PC0CF90C" failures="0" tests="1" name="Utilities.test" time="1.784" errors="0" timestamp="2024-03-24T14:42:23 IST" skipped="0">
  <testcase classname="Utilities.test" name="callMapdata" time="1.784"/>
</testsuite> <!-- Utilities.test -->
