<?xml version="1.0" encoding="UTF-8"?>
<!-- Generated by org.testng.reporters.JUnitReportReporter -->
<testsuite hostname="LAPTOP-E2QB3MJH" failures="0" tests="1" name="StepDefination.TC01_Register_New_User" time="16.547" errors="0" timestamp="2024-05-06T00:45:13 IST" skipped="0">
  <testcase classname="StepDefination.TC01_Register_New_User" name="Register_New_User" time="16.547"/>
  <system-out/>
</testsuite> <!-- StepDefination.TC01_Register_New_User -->
