<?xml version="1.0" encoding="UTF-8"?>
<!-- Generated by org.testng.reporters.JUnitReportReporter -->
<testsuite hostname="3I-PC0CF90C" failures="0" tests="1" name="StepDefination.End_To_End_Test" time="6.367" errors="0" timestamp="2024-03-08T22:24:40 IST" skipped="0">
  <testcase classname="StepDefination.End_To_End_Test" name="End_To_End_Testing" time="6.367"/>
</testsuite> <!-- StepDefination.End_To_End_Test -->
