<?xml version="1.0" encoding="UTF-8"?>
<!-- Generated by org.testng.reporters.JUnitReportReporter -->
<testsuite hostname="3I-PC0CF90C" failures="0" tests="1" name="StepDefination.TC02_Sign_With_Exsiting_Data" time="15.700" errors="0" timestamp="2024-03-25T15:28:17 IST" skipped="0">
  <testcase classname="StepDefination.TC02_Sign_With_Exsiting_Data" name="logIn_With_Exsiting_User" time="15.700"/>
</testsuite> <!-- StepDefination.TC02_Sign_With_Exsiting_Data -->
