<?xml version="1.0" encoding="UTF-8"?>
<!-- Generated by org.testng.reporters.JUnitReportReporter -->
<testsuite hostname="3I-PC0CF90C" failures="0" tests="1" name="ExcellDataReader.IncognitoMode" time="51.379" errors="0" timestamp="2024-04-20T09:43:04 IST" skipped="0">
  <testcase classname="ExcellDataReader.IncognitoMode" name="name" time="51.379"/>
</testsuite> <!-- ExcellDataReader.IncognitoMode -->
