<?xml version="1.0" encoding="UTF-8"?>
<!-- Generated by org.testng.reporters.JUnitReportReporter -->
<testsuite hostname="3I-PC0CF90C" failures="0" tests="1" name="Utilities.ExcelDataReader2" time="2.359" errors="0" timestamp="2024-03-14T23:28:48 IST" skipped="0">
  <testcase classname="Utilities.ExcelDataReader2" name="GetExcelData" time="2.359"/>
</testsuite> <!-- Utilities.ExcelDataReader2 -->
