<?xml version="1.0" encoding="UTF-8"?>
<!-- Generated by org.testng.reporters.JUnitReportReporter -->
<testsuite hostname="3I-PC0CF90C" failures="0" tests="2" name="ExcellDataReader.DataProviderTestClass" time="0.012" errors="0" timestamp="2024-04-19T22:12:57 IST" skipped="0">
  <testcase classname="ExcellDataReader.DataProviderTestClass" name="testLogin" time="0.002"/>
  <testcase classname="ExcellDataReader.DataProviderTestClass" name="testLogin" time="0.010"/>
</testsuite> <!-- ExcellDataReader.DataProviderTestClass -->
