<?xml version="1.0" encoding="UTF-8"?>
<!-- Generated by org.testng.reporters.JUnitReportReporter -->
<testsuite hostname="3I-PC0CF90C" failures="0" tests="1" name="ExcellDataReader.test" time="1.712" errors="0" timestamp="2024-03-24T22:02:02 IST" skipped="0">
  <testcase classname="ExcellDataReader.test" name="callMapdata" time="1.712"/>
</testsuite> <!-- ExcellDataReader.test -->
