<?xml version="1.0" encoding="UTF-8"?>
<!-- Generated by org.testng.reporters.JUnitReportReporter -->
<testsuite hostname="3I-PC0CF90C" failures="0" tests="1" name="StepDefination.Test" time="16.996" errors="0" timestamp="2024-04-18T23:47:04 IST" skipped="0">
  <testcase classname="StepDefination.Test" name="name" time="16.996"/>
</testsuite> <!-- StepDefination.Test -->
