<?xml version="1.0" encoding="UTF-8"?>
<!-- Generated by org.testng.reporters.JUnitReportReporter -->
<testsuite hostname="3I-PC0CF90C" failures="0" tests="1" name="StepDefination.TC01_Register_New_User" time="13.279" errors="0" timestamp="2024-03-10T11:20:31 IST" skipped="0">
  <testcase classname="StepDefination.TC01_Register_New_User" name="Register_New_User" time="13.279"/>
</testsuite> <!-- StepDefination.TC01_Register_New_User -->
